PLINK v2.00a2LM 64-bit Intel (23 Mar 2019)
Options in effect:
  --allow-extra-chr
  --bfile ../eQTL_mapping/plink/ForAssociationTesting
  --geno
  --maf 0.05
  --make-king
  --out ../../../output/KinshipMatrices/Unpruned_king

Hostname: midway2-login2.rcc.local
Working directory: /project/gilad/bjf79/projects/Comparative_eQTL/code/snakemake_workflow/scratch
Start time: Fri Apr 12 11:02:54 2019

Random number seed: 1555084974
257137 MiB RAM detected; reserving 128568 MiB for main workspace.
Allocated 96426 MiB successfully, after larger attempt(s) failed.
Using up to 56 threads (change this with --threads).
39 samples (0 females, 0 males, 39 ambiguous; 39 founders) loaded from
../eQTL_mapping/plink/ForAssociationTesting.fam.
43599338 variants loaded from ../eQTL_mapping/plink/ForAssociationTesting.bim.
1 quantitative phenotype loaded (39 values).
Calculating allele frequencies... done.
--geno: 20252003 variants removed due to missing genotype data.
12485315 variants removed due to allele frequency threshold(s)
(--maf/--max-maf/--mac/--max-mac).
10862020 variants remaining after main filters.
Excluding 528361 variants on non-autosomes from KING-robust calculation.
--make-king: Scanning for singletons and monomorphic variants... done.
No singletons/monomorphics found.
--make-king: 10333659 variants processed.
Results written to ../../../output/KinshipMatrices/Unpruned_king.king and
../../../output/KinshipMatrices/Unpruned_king.king.id .

End time: Fri Apr 12 11:03:12 2019
